app/build/outputs/mapping/debug/seeds.txt
com.ccl.perfectisshit.weather.MainActivity
com.ccl.perfectisshit.weather.MainActivity: MainActivity()
com.ccl.perfectisshit.weather.R$anim: int abc_fade_in
com.ccl.perfectisshit.weather.R$anim: int abc_fade_out
com.ccl.perfectisshit.weather.R$anim: int abc_grow_fade_in_from_bottom
com.ccl.perfectisshit.weather.R$anim: int abc_popup_enter
com.ccl.perfectisshit.weather.R$anim: int abc_popup_exit
com.ccl.perfectisshit.weather.R$anim: int abc_shrink_fade_out_from_bottom
com.ccl.perfectisshit.weather.R$anim: int abc_slide_in_bottom
com.ccl.perfectisshit.weather.R$anim: int abc_slide_in_top
com.ccl.perfectisshit.weather.R$anim: int abc_slide_out_bottom
com.ccl.perfectisshit.weather.R$anim: int abc_slide_out_top
com.ccl.perfectisshit.weather.R$anim: int design_bottom_sheet_slide_in
com.ccl.perfectisshit.weather.R$anim: int design_bottom_sheet_slide_out
com.ccl.perfectisshit.weather.R$anim: int design_snackbar_in
com.ccl.perfectisshit.weather.R$anim: int design_snackbar_out
com.ccl.perfectisshit.weather.R$anim: int tooltip_enter
com.ccl.perfectisshit.weather.R$anim: int tooltip_exit
com.ccl.perfectisshit.weather.R$animator: int design_appbar_state_list_animator
com.ccl.perfectisshit.weather.R$attr: int actionBarDivider
com.ccl.perfectisshit.weather.R$attr: int actionBarItemBackground
com.ccl.perfectisshit.weather.R$attr: int actionBarPopupTheme
com.ccl.perfectisshit.weather.R$attr: int actionBarSize
com.ccl.perfectisshit.weather.R$attr: int actionBarSplitStyle
com.ccl.perfectisshit.weather.R$attr: int actionBarStyle
com.ccl.perfectisshit.weather.R$attr: int actionBarTabBarStyle
com.ccl.perfectisshit.weather.R$attr: int actionBarTabStyle
com.ccl.perfectisshit.weather.R$attr: int actionBarTabTextStyle
com.ccl.perfectisshit.weather.R$attr: int actionBarTheme
com.ccl.perfectisshit.weather.R$attr: int actionBarWidgetTheme
com.ccl.perfectisshit.weather.R$attr: int actionButtonStyle
com.ccl.perfectisshit.weather.R$attr: int actionDropDownStyle
com.ccl.perfectisshit.weather.R$attr: int actionLayout
com.ccl.perfectisshit.weather.R$attr: int actionMenuTextAppearance
com.ccl.perfectisshit.weather.R$attr: int actionMenuTextColor
com.ccl.perfectisshit.weather.R$attr: int actionModeBackground
com.ccl.perfectisshit.weather.R$attr: int actionModeCloseButtonStyle
com.ccl.perfectisshit.weather.R$attr: int actionModeCloseDrawable
com.ccl.perfectisshit.weather.R$attr: int actionModeCopyDrawable
com.ccl.perfectisshit.weather.R$attr: int actionModeCutDrawable
com.ccl.perfectisshit.weather.R$attr: int actionModeFindDrawable
com.ccl.perfectisshit.weather.R$attr: int actionModePasteDrawable
com.ccl.perfectisshit.weather.R$bool: int abc_action_bar_embed_tabs
com.ccl.perfectisshit.weather.R$bool: int abc_allow_stacked_button_bar
com.ccl.perfectisshit.weather.R$bool: int abc_config_actionMenuItemAllCaps
com.ccl.perfectisshit.weather.R$bool: int abc_config_closeDialogWhenTouchOutside
com.ccl.perfectisshit.weather.R$bool: int abc_config_showMenuShortcutsWhenKeyboardPresent
...
android.support.v4.app.FragmentManager$FragmentLifecycleCallbacks
android.support.v4.app.FragmentManager$FragmentLifecycleCallbacks: FragmentManager$FragmentLifecycleCallbacks()
android.support.v4.app.FragmentManager$FragmentLifecycleCallbacks: void onFragmentPreAttached(android.support.v4.app.FragmentManager,android.support.v4.app.Fragment,android.content.Context)
android.support.v4.app.FragmentManager$FragmentLifecycleCallbacks: void onFragmentAttached(android.support.v4.app.FragmentManager,android.support.v4.app.Fragment,android.content.Context)
android.support.v4.app.FragmentManager$FragmentLifecycleCallbacks: void onFragmentPreCreated(android.support.v4.app.FragmentManager,android.support.v4.app.Fragment,android.os.Bundle)
android.support.v4.app.FragmentManager$FragmentLifecycleCallbacks: void onFragmentCreated(android.support.v4.app.FragmentManager,android.support.v4.app.Fragment,android.os.Bundle)
android.support.v4.app.FragmentManager$FragmentLifecycleCallbacks: void onFragmentActivityCreated(android.support.v4.app.FragmentManager,android.support.v4.app.Fragment,android.os.Bundle)
android.support.v4.app.FragmentManager$FragmentLifecycleCallbacks: void onFragmentViewCreated(android.support.v4.app.FragmentManager,android.support.v4.app.Fragment,android.view.View,android.os.Bundle)
android.support.v4.app.FragmentManager$FragmentLifecycleCallbacks: void onFragmentStarted(android.support.v4.app.FragmentManager,android.support.v4.app.Fragment)
android.support.v4.app.FragmentManager$OnBackStackChangedListener
android.support.v4.app.FragmentManager$OnBackStackChangedListener: void onBackStackChanged()
android.support.v4.app.FragmentManagerImpl
android.support.v4.app.FragmentManagerImpl: boolean DEBUG
android.support.v4.app.FragmentManagerImpl: java.lang.String TAG
android.support.v4.app.FragmentManagerImpl: java.lang.String TARGET_REQUEST_CODE_STATE_TAG
android.support.v4.app.FragmentManagerImpl: java.lang.String TARGET_STATE_TAG
android.support.v4.app.FragmentManagerImpl: java.lang.String VIEW_STATE_TAG
android.support.v4.app.FragmentManagerImpl: java.lang.String USER_VISIBLE_HINT_TAG
android.support.v4.app.FragmentManagerImpl: java.util.ArrayList mPendingActions
android.support.v4.app.FragmentManagerImpl: boolean mExecutingActions
android.support.v4.app.FragmentManagerImpl: int mNextFragmentIndex
android.support.v4.app.FragmentManagerImpl: java.util.ArrayList mAdded
android.support.v4.app.FragmentManagerImpl: android.util.SparseArray mActive
android.support.v4.app.FragmentManagerImpl: java.util.ArrayList mBackStack
android.support.v4.app.FragmentManagerImpl: java.util.ArrayList mCreatedMenus
android.support.v4.app.FragmentManagerImpl: java.util.ArrayList mBackStackIndices
android.support.v4.app.FragmentManagerImpl: java.util.ArrayList mAvailBackStackIndices
android.support.v4.app.FragmentManagerImpl: java.util.ArrayList mBackStackChangeListeners
android.support.v4.app.FragmentManagerImpl: java.util.concurrent.CopyOnWriteArrayList mLifecycleCallbacks
android.support.v4.app.FragmentManagerImpl: int mCurState
android.support.v4.app.FragmentManagerImpl$1
android.support.v4.app.FragmentManagerImpl$1: android.support.v4.app.FragmentManagerImpl this$0
android.support.v4.app.FragmentManagerImpl$1: FragmentManagerImpl$1(android.support.v4.app.FragmentManagerImpl)
android.support.v4.app.FragmentManagerImpl$1: void run()