app/build/outputs/mapping/debug/mapping.txt
com.ccl.perfectisshit.weather.MainActivity -> com.ccl.perfectisshit.weather.MainActivity:
    boolean isPlaying -> a
    java.lang.String DESC_TEXT -> c
    com.baidu.speech.EventManager wakeup -> d
    boolean logTime -> b
    com.google.android.exoplayer2.SimpleExoPlayer mPlayer -> e
    com.google.android.exoplayer2.ui.PlayerView mPlayerView -> f
    android.os.PowerManager$WakeLock mWakeLock -> g
    android.view.View mRoot -> h
    com.ccl.perfectisshit.weather.listener.PlayerEventListener mPlayerEventListener -> i
    void <init>() -> <init>
    void onCreate(android.os.Bundle) -> onCreate
    void initPlayer() -> a
    void onResume() -> onResume
    void onPause() -> onPause
    void onDestroy() -> onDestroy
    void onEvent(java.lang.String,java.lang.String,byte[],int,int) -> a
    void printLog(java.lang.String) -> a
    android.os.PowerManager$WakeLock wakeUpAndUnlock(android.content.Context) -> a
    void releasePlayer() -> b
    boolean onKeyDown(int,android.view.KeyEvent) -> onKeyDown
    com.google.android.exoplayer2.ui.PlayerView access$000(com.ccl.perfectisshit.weather.MainActivity) -> a
    android.view.View access$100(com.ccl.perfectisshit.weather.MainActivity) -> b
    android.os.PowerManager$WakeLock access$202(com.ccl.perfectisshit.weather.MainActivity,android.os.PowerManager$WakeLock) -> a
    com.google.android.exoplayer2.SimpleExoPlayer access$300(com.ccl.perfectisshit.weather.MainActivity) -> c
com.ccl.perfectisshit.weather.MainActivity$1 -> com.ccl.perfectisshit.weather.a:
    com.ccl.perfectisshit.weather.MainActivity this$0 -> a
    void <init>(com.ccl.perfectisshit.weather.MainActivity) -> <init>
    void run() -> run
com.ccl.perfectisshit.weather.MainActivity$1$1 -> com.ccl.perfectisshit.weather.b:
    com.ccl.perfectisshit.weather.MainActivity$1 this$1 -> a
    void <init>(com.ccl.perfectisshit.weather.MainActivity$1) -> <init>
    void run() -> run
com.ccl.perfectisshit.weather.MainActivity$2 -> com.ccl.perfectisshit.weather.c:
    com.ccl.perfectisshit.weather.MainActivity this$0 -> a
    void <init>(com.ccl.perfectisshit.weather.MainActivity) -> <init>
    void onResponse$42f4142c(okhttp3.Response) -> a
    void onFailure$1b4f1832(java.io.IOException) -> a
com.ccl.perfectisshit.weather.MainActivity$2$1 -> com.ccl.perfectisshit.weather.d:
    java.lang.String val$weatherCode -> a
    java.lang.String val$weatherTxt -> b
    com.ccl.perfectisshit.weather.MainActivity$2 this$1 -> c
    void <init>(com.ccl.perfectisshit.weather.MainActivity$2,java.lang.String,java.lang.String) -> <init>
    void run() -> run
com.ccl.perfectisshit.weather.MainActivity$2$2 -> com.ccl.perfectisshit.weather.e:
    com.ccl.perfectisshit.weather.MainActivity$2 this$1 -> a
    void <init>(com.ccl.perfectisshit.weather.MainActivity$2) -> <init>
    void run() -> run
com.ccl.perfectisshit.weather.MainActivity$3 -> com.ccl.perfectisshit.weather.f:
    com.ccl.perfectisshit.weather.MainActivity this$0 -> a
    void <init>(com.ccl.perfectisshit.weather.MainActivity) -> <init>
    void onPlayerStateChanged(boolean,int) -> a
com.ccl.perfectisshit.weather.MainActivity$MyHandler -> com.ccl.perfectisshit.weather.MainActivity$a:
    java.lang.ref.SoftReference mContextSoftReference -> b
    com.ccl.perfectisshit.weather.MainActivity this$0 -> a
    void <init>(com.ccl.perfectisshit.weather.MainActivity,android.content.Context) -> <init>
    void handleMessage(android.os.Message) -> handleMessage
com.ccl.perfectisshit.weather.listener.PlayerEventListener -> com.ccl.perfectisshit.weather.a.a:
    void <init>() -> <init>
com.ccl.perfectisshit.weather.service.MyService -> com.ccl.perfectisshit.weather.service.MyService:
    void <init>() -> <init>
    int onStartCommand(android.content.Intent,int,int) -> onStartCommand
    android.os.IBinder onBind(android.content.Intent) -> onBind
...
android.support.v4.media.session.MediaSessionCompatApi21 -> android.support.v4.media.session.MediaSessionCompatApi21:
    java.lang.String TAG -> TAG
    void <init>() -> <init>
    java.lang.Object createSession(android.content.Context,java.lang.String) -> createSession
    java.lang.Object verifySession(java.lang.Object) -> verifySession
    java.lang.Object verifyToken(java.lang.Object) -> verifyToken
    java.lang.Object createCallback(android.support.v4.media.session.MediaSessionCompatApi21$Callback) -> createCallback
    void setCallback(java.lang.Object,java.lang.Object,android.os.Handler) -> setCallback
    void setFlags(java.lang.Object,int) -> setFlags
    void setPlaybackToLocal(java.lang.Object,int) -> setPlaybackToLocal
    void setPlaybackToRemote(java.lang.Object,java.lang.Object) -> setPlaybackToRemote
    void setActive(java.lang.Object,boolean) -> setActive
    boolean isActive(java.lang.Object) -> isActive
    void sendSessionEvent(java.lang.Object,java.lang.String,android.os.Bundle) -> sendSessionEvent
    void release(java.lang.Object) -> release
    android.os.Parcelable getSessionToken(java.lang.Object) -> getSessionToken
    void setPlaybackState(java.lang.Object,java.lang.Object) -> setPlaybackState
    void setMetadata(java.lang.Object,java.lang.Object) -> setMetadata
    void setSessionActivity(java.lang.Object,android.app.PendingIntent) -> setSessionActivity
android.support.v4.media.session.MediaSessionCompatApi21$Callback -> android.support.v4.media.session.MediaSessionCompatApi21$Callback:
    void onCommand(java.lang.String,android.os.Bundle,android.os.ResultReceiver) -> onCommand
    boolean onMediaButtonEvent(android.content.Intent) -> onMediaButtonEvent
    void onPlay() -> onPlay
    void onPlayFromMediaId(java.lang.String,android.os.Bundle) -> onPlayFromMediaId
    void onPlayFromSearch(java.lang.String,android.os.Bundle) -> onPlayFromSearch
    void onSkipToQueueItem(long) -> onSkipToQueueItem
    void onPause() -> onPause
    void onSkipToNext() -> onSkipToNext
    void onSkipToPrevious() -> onSkipToPrevious
    void onFastForward() -> onFastForward
    void onRewind() -> onRewind
    void onStop() -> onStop
    void onSeekTo(long) -> onSeekTo
    void onSetRating(java.lang.Object) -> onSetRating
    void onSetRating(java.lang.Object,android.os.Bundle) -> onSetRating
    void onCustomAction(java.lang.String,android.os.Bundle) -> onCustomAction
android.support.v4.media.session.MediaSessionCompatApi21$CallbackProxy -> android.support.v4.media.session.MediaSessionCompatApi21$CallbackProxy:
    android.support.v4.media.session.MediaSessionCompatApi21$Callback mCallback -> mCallback
    void <init>(android.support.v4.media.session.MediaSessionCompatApi21$Callback) -> <init>
    void onCommand(java.lang.String,android.os.Bundle,android.os.ResultReceiver) -> onCommand
    boolean onMediaButtonEvent(android.content.Intent) -> onMediaButtonEvent
    void onPlay() -> onPlay
    void onPlayFromMediaId(java.lang.String,android.os.Bundle) -> onPlayFromMediaId
    void onPlayFromSearch(java.lang.String,android.os.Bundle) -> onPlayFromSearch
    void onSkipToQueueItem(long) -> onSkipToQueueItem
    void onPause() -> onPause
    void onSkipToNext() -> onSkipToNext
    void onSkipToPrevious() -> onSkipToPrevious
    void onFastForward() -> onFastForward
    void onRewind() -> onRewind
    void onStop() -> onStop
    void onSeekTo(long) -> onSeekTo
    void onSetRating(android.media.Rating) -> onSetRating
    void onCustomAction(java.lang.String,android.os.Bundle) -> onCustomAction
android.support.v4.media.session.MediaSessionCompatApi21$QueueItem -> android.support.v4.media.session.MediaSessionCompatApi21$QueueItem:
    void <init>() -> <init>
    java.lang.Object createItem(java.lang.Object,long) -> createItem
    java.lang.Object getDescription(java.lang.Object) -> getDescription
    long getQueueId(java.lang.Object) -> getQueueId