app/build/outputs/mapping/debug/usage.txt
com.ccl.perfectisshit.weather.BuildConfig
com.ccl.perfectisshit.weather.MainActivity:
    98:99:private void stop()
com.ccl.perfectisshit.weather.R
com.ccl.perfectisshit.weather.R$anim
com.ccl.perfectisshit.weather.R$animator
com.ccl.perfectisshit.weather.R$attr
com.ccl.perfectisshit.weather.R$bool
com.ccl.perfectisshit.weather.R$color
com.ccl.perfectisshit.weather.R$dimen
com.ccl.perfectisshit.weather.R$drawable
com.ccl.perfectisshit.weather.R$id
com.ccl.perfectisshit.weather.R$integer
com.ccl.perfectisshit.weather.R$layout
com.ccl.perfectisshit.weather.R$mipmap
com.ccl.perfectisshit.weather.R$string
com.ccl.perfectisshit.weather.R$style
com.ccl.perfectisshit.weather.R$styleable
com.ccl.perfectisshit.weather.service.MyService:
    private static final java.lang.String TAG
    private static final int GRAY_SERVICE_ID
com.ccl.perfectisshit.weather.service.MyService$ScreenReceiver:
    private static final java.lang.String TAG
com.ccl.perfectisshit.weather.util.HttpUtil:
    11:11:public HttpUtil()
com.ccl.perfectisshit.weather.wakeup.ErrorTranslation:
    9:9:public ErrorTranslation()
    13:45:public static java.lang.String recogError(int)
com.ccl.perfectisshit.weather.wakeup.SimpleWakeupListener:
    public static final int MESSAGE_SUCCEED
    private static final java.lang.String TAG
com.ccl.perfectisshit.weather.wakeup.WakeUpResult:
    private java.lang.String name
    private static final java.lang.String TAG
    45:45:public java.lang.String getDesc()
    61:61:public java.lang.String getName()
    65:66:public void setName(java.lang.String)
com.ccl.perfectisshit.weather.wakeup.WakeupEventAdapter:
    private static final java.lang.String TAG
...
android.support.v7.widget.PagerSnapHelper
android.support.v7.widget.PagerSnapHelper$1
android.support.v7.widget.PopupMenu
android.support.v7.widget.PopupMenu$1
android.support.v7.widget.PopupMenu$2
android.support.v7.widget.PopupMenu$3
android.support.v7.widget.PopupMenu$OnDismissListener
android.support.v7.widget.PopupMenu$OnMenuItemClickListener
android.support.v7.widget.PositionMap
android.support.v7.widget.PositionMap$ContainerHelpers
android.support.v7.widget.RecyclerView:
    static final java.lang.String TAG
    static final boolean DEBUG
    static final boolean VERBOSE_TRACING
    static final boolean DISPATCH_TEMP_DETACH
    public static final int HORIZONTAL
    public static final int VERTICAL
    public static final int NO_POSITION
    public static final long NO_ID
    public static final int INVALID_TYPE
    public static final int TOUCH_SLOP_DEFAULT
    public static final int TOUCH_SLOP_PAGING
    static final int MAX_SCROLL_DURATION
    static final java.lang.String TRACE_SCROLL_TAG
    private static final java.lang.String TRACE_ON_LAYOUT_TAG
    private static final java.lang.String TRACE_ON_DATA_SET_CHANGE_LAYOUT_TAG
    private static final java.lang.String TRACE_HANDLE_ADAPTER_UPDATES_TAG
    static final java.lang.String TRACE_BIND_VIEW_TAG
    static final java.lang.String TRACE_PREFETCH_TAG
    static final java.lang.String TRACE_NESTED_PREFETCH_TAG
    static final java.lang.String TRACE_CREATE_VIEW_TAG
    private static final int INVALID_POINTER
    public static final int SCROLL_STATE_IDLE
    public static final int SCROLL_STATE_DRAGGING
    public static final int SCROLL_STATE_SETTLING
    static final long FOREVER_NS
    663:663:public android.support.v7.widget.RecyclerViewAccessibilityDelegate getCompatAccessibilityDelegate()
    960:961:public void setHasFixedSize(boolean)
    968:968:public boolean hasFixedSize()
    1010:1024:public void setScrollingTouchSlop(int)
android.support.v7.widget.RecyclerView$Adapter:
    private final android.support.v7.widget.RecyclerView$AdapterDataObservable mObservable
    6429:6431:public RecyclerView$Adapter()
    6575:6580:public void setHasStableIds(boolean)
    6701:6701:public final boolean hasObservers()
    6721:6722:public void registerAdapterDataObserver(android.support.v7.widget.RecyclerView$AdapterDataObserver)
    6735:6736:public void unregisterAdapterDataObserver(android.support.v7.widget.RecyclerView$AdapterDataObserver)
    6747:6747:public void onAttachedToRecyclerView(android.support.v7.widget.RecyclerView)
    6756:6756:public void onDetachedFromRecyclerView(android.support.v7.widget.RecyclerView)
    6788:6789:public final void notifyDataSetChanged()
    6804:6805:public final void notifyItemChanged(int)
    6832:6833:public final void notifyItemChanged(int,java.lang.Object)
    6850:6851:public final void notifyItemRangeChanged(int,int)
    6880:6881:public final void notifyItemRangeChanged(int,int,java.lang.Object)
    6897:6898:public final void notifyItemInserted(int)
    6912:6913:public final void notifyItemMoved(int,int)
    6931:6932:public final void notifyItemRangeInserted(int,int)
    6948:6949:public final void notifyItemRemoved(int)
    6965:6966:public final void notifyItemRangeRemoved(int,int)
android.support.v7.widget.RecyclerView$AdapterDataObservable
android.support.v7.widget.RecyclerView$AdapterDataObserver:
    11091:11091:public void onChanged()
    11095:11095:public void onItemRangeChanged(int,int)
    11100:11101:public void onItemRangeChanged(int,int,java.lang.Object)
    11105:11105:public void onItemRangeInserted(int,int)
    11109:11109:public void onItemRangeRemoved(int,int)
    11113:11113:public void onItemRangeMoved(int,int,int)